{"C:\\Users\\krytu\\OneDrive\\Documents\\Projects\\weather-app2\\src\\convertTimestampToTime.js": {"path":"C:\\Users\\krytu\\OneDrive\\Documents\\Projects\\weather-app2\\src\\convertTimestampToTime.js","statementMap":{"0":{"start":{"line":2,"column":15},"end":{"line":2,"column":58}},"1":{"start":{"line":3,"column":13},"end":{"line":3,"column":34}},"2":{"start":{"line":4,"column":15},"end":{"line":4,"column":38}},"3":{"start":{"line":5,"column":15},"end":{"line":5,"column":38}},"4":{"start":{"line":8,"column":2},"end":{"line":12,"column":37}},"5":{"start":{"line":14,"column":1},"end":{"line":14,"column":22}}},"fnMap":{"0":{"name":"convertTimestamptoTime","decl":{"start":{"line":1,"column":24},"end":{"line":1,"column":46}},"loc":{"start":{"line":1,"column":72},"end":{"line":15,"column":1}},"line":1}},"branchMap":{},"s":{"0":3,"1":3,"2":3,"3":3,"4":3,"5":3},"f":{"0":3},"b":{},"_coverageSchema":"1a1c01bbd47fc00a2c39e90264f33305004495a9","hash":"e767e5b1cbbc448795639618033a3198d23233a8"}
,"C:\\Users\\krytu\\OneDrive\\Documents\\Projects\\weather-app2\\src\\getDynamicFontSize.js": {"path":"C:\\Users\\krytu\\OneDrive\\Documents\\Projects\\weather-app2\\src\\getDynamicFontSize.js","statementMap":{"0":{"start":{"line":2,"column":18},"end":{"line":2,"column":20}},"1":{"start":{"line":3,"column":17},"end":{"line":3,"column":19}},"2":{"start":{"line":4,"column":17},"end":{"line":4,"column":19}},"3":{"start":{"line":6,"column":1},"end":{"line":12,"column":2}},"4":{"start":{"line":7,"column":2},"end":{"line":7,"column":24}},"5":{"start":{"line":8,"column":8},"end":{"line":12,"column":2}},"6":{"start":{"line":9,"column":2},"end":{"line":9,"column":24}},"7":{"start":{"line":11,"column":2},"end":{"line":11,"column":25}}},"fnMap":{"0":{"name":"getDynamicFontSize","decl":{"start":{"line":1,"column":9},"end":{"line":1,"column":27}},"loc":{"start":{"line":1,"column":33},"end":{"line":13,"column":1}},"line":1}},"branchMap":{"0":{"loc":{"start":{"line":6,"column":1},"end":{"line":12,"column":2}},"type":"if","locations":[{"start":{"line":6,"column":1},"end":{"line":12,"column":2}},{"start":{"line":8,"column":8},"end":{"line":12,"column":2}}],"line":6},"1":{"loc":{"start":{"line":8,"column":8},"end":{"line":12,"column":2}},"type":"if","locations":[{"start":{"line":8,"column":8},"end":{"line":12,"column":2}},{"start":{"line":10,"column":8},"end":{"line":12,"column":2}}],"line":8}},"s":{"0":3,"1":3,"2":3,"3":3,"4":1,"5":2,"6":1,"7":1},"f":{"0":3},"b":{"0":[1,2],"1":[1,1]},"_coverageSchema":"1a1c01bbd47fc00a2c39e90264f33305004495a9","hash":"dd3d2f7d1563eff49aa4660f9d5da05f06205253"}
}
